==> Job 13295458 on node1634
GPU 0: NVIDIA L40S (UUID: GPU-a601c9f5-4885-0d2b-d58a-b04ebe378746)
GPU 1: NVIDIA L40S (UUID: GPU-fcf3d0f0-4dee-396a-a1f2-722e7e521db7)

==> Running 300 benchmark runs
    suite dir: results/suite-20260505-035314
    configs:   ptq_100 ws_ptq_100 train_50 ws_train_50 mixed_100_50 ws_mixed_100_50
    trials:    50 each

[1/300] ptq_100 trial 1/50
    -> runs/run-20260505-035314-df3c59  (68s)
[2/300] ptq_100 trial 2/50
    -> runs/run-20260505-035422-1fd6bb  (77s)
[3/300] ptq_100 trial 3/50
    -> runs/run-20260505-035539-261b7f  (80s)
[4/300] ptq_100 trial 4/50
    -> runs/run-20260505-035659-c3a85a  (70s)
[5/300] ptq_100 trial 5/50
    -> runs/run-20260505-035809-48e48f  (80s)
[6/300] ptq_100 trial 6/50
    -> runs/run-20260505-035930-deb28a  (69s)
[7/300] ptq_100 trial 7/50
    -> runs/run-20260505-040038-6bf6e2  (81s)
[8/300] ptq_100 trial 8/50
    -> runs/run-20260505-040159-a1332e  (71s)
[9/300] ptq_100 trial 9/50
    -> runs/run-20260505-040310-8f2a2e  (76s)
[10/300] ptq_100 trial 10/50
    -> runs/run-20260505-040426-dd93ca  (79s)
[11/300] ptq_100 trial 11/50
    -> runs/run-20260505-040545-9ffdbe  (76s)
[12/300] ptq_100 trial 12/50
    -> runs/run-20260505-040702-155b76  (79s)
[13/300] ptq_100 trial 13/50
    -> runs/run-20260505-040820-8730d0  (84s)
[14/300] ptq_100 trial 14/50
    -> runs/run-20260505-040944-797b35  (80s)
[15/300] ptq_100 trial 15/50
    -> runs/run-20260505-041104-4390b5  (77s)
[16/300] ptq_100 trial 16/50
    -> runs/run-20260505-041221-9b8006  (83s)
[17/300] ptq_100 trial 17/50
    -> runs/run-20260505-041344-892528  (77s)
[18/300] ptq_100 trial 18/50
    -> runs/run-20260505-041501-1025dc  (75s)
[19/300] ptq_100 trial 19/50
    -> runs/run-20260505-041616-548752  (78s)
[20/300] ptq_100 trial 20/50
    -> runs/run-20260505-041734-cc0082  (69s)
[21/300] ptq_100 trial 21/50
    -> runs/run-20260505-041843-91c96b  (77s)
[22/300] ptq_100 trial 22/50
    -> runs/run-20260505-042001-99c612  (69s)
[23/300] ptq_100 trial 23/50
    -> runs/run-20260505-042109-b89c27  (69s)
[24/300] ptq_100 trial 24/50
    -> runs/run-20260505-042218-21432b  (75s)
[25/300] ptq_100 trial 25/50
    -> runs/run-20260505-042333-f30ba2  (68s)
[26/300] ptq_100 trial 26/50
    -> runs/run-20260505-042441-c99d63  (72s)
[27/300] ptq_100 trial 27/50
    -> runs/run-20260505-042553-8e88ad  (71s)
[28/300] ptq_100 trial 28/50
    -> runs/run-20260505-042704-9a4201  (78s)
[29/300] ptq_100 trial 29/50
    -> runs/run-20260505-042822-126277  (73s)
[30/300] ptq_100 trial 30/50
    -> runs/run-20260505-042936-2c272d  (66s)
[31/300] ptq_100 trial 31/50
    -> runs/run-20260505-043041-b2e923  (79s)
[32/300] ptq_100 trial 32/50
    -> runs/run-20260505-043200-cddbf8  (93s)
[33/300] ptq_100 trial 33/50
    -> runs/run-20260505-043333-536632  (79s)
[34/300] ptq_100 trial 34/50
    -> runs/run-20260505-043452-005e29  (75s)
[35/300] ptq_100 trial 35/50
    -> runs/run-20260505-043608-83c89b  (77s)
[36/300] ptq_100 trial 36/50
    -> runs/run-20260505-043724-f7f558  (69s)
[37/300] ptq_100 trial 37/50
    -> runs/run-20260505-043833-01c486  (80s)
[38/300] ptq_100 trial 38/50
    -> runs/run-20260505-043954-6fdc2a  (85s)
[39/300] ptq_100 trial 39/50
    -> runs/run-20260505-044119-d3b66a  (77s)
[40/300] ptq_100 trial 40/50
    -> runs/run-20260505-044235-10562f  (72s)
[41/300] ptq_100 trial 41/50
    -> runs/run-20260505-044347-17dc34  (62s)
[42/300] ptq_100 trial 42/50
    -> runs/run-20260505-044449-0ec6be  (65s)
[43/300] ptq_100 trial 43/50
    -> runs/run-20260505-044554-73bfa4  (63s)
[44/300] ptq_100 trial 44/50
    -> runs/run-20260505-044658-90a861  (74s)
[45/300] ptq_100 trial 45/50
    -> runs/run-20260505-044811-ddf6fb  (85s)
[46/300] ptq_100 trial 46/50
    -> runs/run-20260505-044936-56e104  (69s)
[47/300] ptq_100 trial 47/50
    -> runs/run-20260505-045046-a7de0f  (63s)
[48/300] ptq_100 trial 48/50
    -> runs/run-20260505-045148-db5b9c  (77s)
[49/300] ptq_100 trial 49/50
    -> runs/run-20260505-045306-1e891d  (75s)
[50/300] ptq_100 trial 50/50
    -> runs/run-20260505-045421-285847  (69s)
[51/300] ws_ptq_100 trial 1/50
    -> runs/run-20260505-045529-e4d386  (69s)
[52/300] ws_ptq_100 trial 2/50
    -> runs/run-20260505-045638-122978  (74s)
[53/300] ws_ptq_100 trial 3/50
    -> runs/run-20260505-045752-905514  (64s)
[54/300] ws_ptq_100 trial 4/50
    -> runs/run-20260505-045856-b086a5  (81s)
[55/300] ws_ptq_100 trial 5/50
    -> runs/run-20260505-050018-e9cbc8  (77s)
[56/300] ws_ptq_100 trial 6/50
    -> runs/run-20260505-050134-9aaff7  (71s)
[57/300] ws_ptq_100 trial 7/50
    -> runs/run-20260505-050245-43df36  (82s)
[58/300] ws_ptq_100 trial 8/50
    -> runs/run-20260505-050407-caf8e9  (74s)
[59/300] ws_ptq_100 trial 9/50
    -> runs/run-20260505-050521-34ec58  (70s)
[60/300] ws_ptq_100 trial 10/50
    -> runs/run-20260505-050631-335deb  (57s)
[61/300] ws_ptq_100 trial 11/50
    -> runs/run-20260505-050728-f2c475  (68s)
[62/300] ws_ptq_100 trial 12/50
    -> runs/run-20260505-050836-e217b9  (71s)
[63/300] ws_ptq_100 trial 13/50
    -> runs/run-20260505-050948-368615  (61s)
[64/300] ws_ptq_100 trial 14/50
    -> runs/run-20260505-051049-9ce024  (61s)
[65/300] ws_ptq_100 trial 15/50
    -> runs/run-20260505-051149-2948ff  (68s)
[66/300] ws_ptq_100 trial 16/50
    -> runs/run-20260505-051258-a67a1f  (71s)
[67/300] ws_ptq_100 trial 17/50
    -> runs/run-20260505-051408-d094dd  (75s)
[68/300] ws_ptq_100 trial 18/50
    -> runs/run-20260505-051523-ae2dbf  (75s)
[69/300] ws_ptq_100 trial 19/50
    -> runs/run-20260505-051638-89866a  (74s)
[70/300] ws_ptq_100 trial 20/50
    -> runs/run-20260505-051752-7def68  (79s)
[71/300] ws_ptq_100 trial 21/50
    -> runs/run-20260505-051911-35d65d  (79s)
[72/300] ws_ptq_100 trial 22/50
    -> runs/run-20260505-052030-ceaaac  (78s)
[73/300] ws_ptq_100 trial 23/50
    -> runs/run-20260505-052149-e56ed9  (80s)
[74/300] ws_ptq_100 trial 24/50
    -> runs/run-20260505-052308-910002  (69s)
[75/300] ws_ptq_100 trial 25/50
    -> runs/run-20260505-052417-87f344  (83s)
[76/300] ws_ptq_100 trial 26/50
    -> runs/run-20260505-052541-9d37ea  (65s)
[77/300] ws_ptq_100 trial 27/50
    -> runs/run-20260505-052646-527167  (73s)
[78/300] ws_ptq_100 trial 28/50
    -> runs/run-20260505-052759-df56d7  (77s)
[79/300] ws_ptq_100 trial 29/50
    -> runs/run-20260505-052915-540ee8  (66s)
[80/300] ws_ptq_100 trial 30/50
    -> runs/run-20260505-053021-42f7f6  (67s)
[81/300] ws_ptq_100 trial 31/50
    -> runs/run-20260505-053129-a7bcae  (77s)
[82/300] ws_ptq_100 trial 32/50
    -> runs/run-20260505-053245-42cab4  (78s)
[83/300] ws_ptq_100 trial 33/50
    -> runs/run-20260505-053403-a8cbd6  (68s)
[84/300] ws_ptq_100 trial 34/50
    -> runs/run-20260505-053511-725135  (67s)
[85/300] ws_ptq_100 trial 35/50
    -> runs/run-20260505-053618-4d3418  (71s)
[86/300] ws_ptq_100 trial 36/50
    -> runs/run-20260505-053729-802721  (76s)
[87/300] ws_ptq_100 trial 37/50
    -> runs/run-20260505-053845-f96117  (71s)
[88/300] ws_ptq_100 trial 38/50
    -> runs/run-20260505-053956-167f66  (62s)
[89/300] ws_ptq_100 trial 39/50
    -> runs/run-20260505-054059-b32f8a  (72s)
[90/300] ws_ptq_100 trial 40/50
    -> runs/run-20260505-054210-bea245  (73s)
[91/300] ws_ptq_100 trial 41/50
    -> runs/run-20260505-054323-2f7ef2  (69s)
[92/300] ws_ptq_100 trial 42/50
    -> runs/run-20260505-054432-e6b5f0  (71s)
[93/300] ws_ptq_100 trial 43/50
    -> runs/run-20260505-054543-324d6c  (72s)
[94/300] ws_ptq_100 trial 44/50
    -> runs/run-20260505-054655-d3cafc  (98s)
[95/300] ws_ptq_100 trial 45/50
    -> runs/run-20260505-054834-dca394  (80s)
[96/300] ws_ptq_100 trial 46/50
    -> runs/run-20260505-054953-d29923  (81s)
[97/300] ws_ptq_100 trial 47/50
    -> runs/run-20260505-055115-ca4af8  (80s)
[98/300] ws_ptq_100 trial 48/50
    -> runs/run-20260505-055234-12d0a4  (78s)
[99/300] ws_ptq_100 trial 49/50
    -> runs/run-20260505-055353-c1c38c  (74s)
[100/300] ws_ptq_100 trial 50/50
    -> runs/run-20260505-055506-4f6f2b  (75s)
[101/300] train_50 trial 1/50
    -> runs/run-20260505-055621-520e35  (39s)
[102/300] train_50 trial 2/50
    -> runs/run-20260505-055700-a9ba2b  (38s)
[103/300] train_50 trial 3/50
    -> runs/run-20260505-055739-511366  (40s)
[104/300] train_50 trial 4/50
    -> runs/run-20260505-055818-6f690e  (38s)
[105/300] train_50 trial 5/50
    -> runs/run-20260505-055856-2cf83f  (39s)
[106/300] train_50 trial 6/50
    -> runs/run-20260505-055935-6083a9  (38s)
[107/300] train_50 trial 7/50
    -> runs/run-20260505-060013-f650b3  (39s)
[108/300] train_50 trial 8/50
    -> runs/run-20260505-060052-b2014b  (38s)
[109/300] train_50 trial 9/50
    -> runs/run-20260505-060130-b8b467  (38s)
[110/300] train_50 trial 10/50
    -> runs/run-20260505-060209-a879c1  (39s)
[111/300] train_50 trial 11/50
    -> runs/run-20260505-060247-5b3b6d  (38s)
[112/300] train_50 trial 12/50
    -> runs/run-20260505-060325-a50b38  (38s)
[113/300] train_50 trial 13/50
    -> runs/run-20260505-060404-a7f7b8  (38s)
[114/300] train_50 trial 14/50
    -> runs/run-20260505-060441-f62dc4  (38s)
[115/300] train_50 trial 15/50
    -> runs/run-20260505-060520-ec4daf  (39s)
[116/300] train_50 trial 16/50
    -> runs/run-20260505-060558-6fbbc8  (38s)
[117/300] train_50 trial 17/50
    -> runs/run-20260505-060636-958e2f  (39s)
[118/300] train_50 trial 18/50
    -> runs/run-20260505-060715-d2a21c  (38s)
[119/300] train_50 trial 19/50
    -> runs/run-20260505-060754-e1d781  (39s)
[120/300] train_50 trial 20/50
    -> runs/run-20260505-060833-0f00c9  (39s)
[121/300] train_50 trial 21/50
    -> runs/run-20260505-060911-7bc180  (38s)
[122/300] train_50 trial 22/50
    -> runs/run-20260505-060950-e6b9db  (39s)
[123/300] train_50 trial 23/50
    -> runs/run-20260505-061028-f736c7  (39s)
[124/300] train_50 trial 24/50
    -> runs/run-20260505-061107-543a58  (38s)
[125/300] train_50 trial 25/50
    -> runs/run-20260505-061145-11eb62  (39s)
[126/300] train_50 trial 26/50
    -> runs/run-20260505-061224-b9c605  (38s)
[127/300] train_50 trial 27/50
    -> runs/run-20260505-061303-c287ae  (40s)
[128/300] train_50 trial 28/50
    -> runs/run-20260505-061342-8cb6de  (38s)
[129/300] train_50 trial 29/50
    -> runs/run-20260505-061420-d02129  (38s)
[130/300] train_50 trial 30/50
    -> runs/run-20260505-061458-05516c  (38s)
[131/300] train_50 trial 31/50
    -> runs/run-20260505-061537-7e69f6  (40s)
[132/300] train_50 trial 32/50
    -> runs/run-20260505-061616-677f6a  (38s)
[133/300] train_50 trial 33/50
    -> runs/run-20260505-061655-0bfc2c  (39s)
[134/300] train_50 trial 34/50
    -> runs/run-20260505-061733-caf42a  (39s)
[135/300] train_50 trial 35/50
    -> runs/run-20260505-061812-b38c69  (38s)
[136/300] train_50 trial 36/50
    -> runs/run-20260505-061850-c79d7c  (38s)
[137/300] train_50 trial 37/50
    -> runs/run-20260505-061928-0ba84f  (39s)
[138/300] train_50 trial 38/50
    -> runs/run-20260505-062007-0e0103  (38s)
[139/300] train_50 trial 39/50
    -> runs/run-20260505-062045-ccf5a1  (39s)
[140/300] train_50 trial 40/50
    -> runs/run-20260505-062124-493c95  (39s)
[141/300] train_50 trial 41/50
    -> runs/run-20260505-062203-01e24c  (38s)
[142/300] train_50 trial 42/50
    -> runs/run-20260505-062241-589466  (38s)
[143/300] train_50 trial 43/50
    -> runs/run-20260505-062319-689d48  (40s)
[144/300] train_50 trial 44/50
    -> runs/run-20260505-062359-ac9de4  (39s)
[145/300] train_50 trial 45/50
    -> runs/run-20260505-062439-845fa2  (40s)
[146/300] train_50 trial 46/50
    -> runs/run-20260505-062519-e9c375  (40s)
[147/300] train_50 trial 47/50
    -> runs/run-20260505-062558-0ba7ad  (39s)
[148/300] train_50 trial 48/50
    -> runs/run-20260505-062638-21bf58  (40s)
[149/300] train_50 trial 49/50
    -> runs/run-20260505-062717-6bdb3a  (40s)
[150/300] train_50 trial 50/50
    -> runs/run-20260505-062757-bb0d4d  (39s)
[151/300] ws_train_50 trial 1/50
    -> runs/run-20260505-062836-0a6114  (40s)
[152/300] ws_train_50 trial 2/50
    -> runs/run-20260505-062916-e77f64  (39s)
[153/300] ws_train_50 trial 3/50
    -> runs/run-20260505-062955-42aa85  (40s)
[154/300] ws_train_50 trial 4/50
    -> runs/run-20260505-063035-b74f86  (39s)
[155/300] ws_train_50 trial 5/50
    -> runs/run-20260505-063115-775dc5  (42s)
[156/300] ws_train_50 trial 6/50
    -> runs/run-20260505-063156-546873  (39s)
[157/300] ws_train_50 trial 7/50
    -> runs/run-20260505-063236-9dbc9b  (40s)
[158/300] ws_train_50 trial 8/50
    -> runs/run-20260505-063315-9afdcb  (40s)
[159/300] ws_train_50 trial 9/50
    -> runs/run-20260505-063355-6ca785  (41s)
[160/300] ws_train_50 trial 10/50
    -> runs/run-20260505-063436-07d4f6  (39s)
[161/300] ws_train_50 trial 11/50
    -> runs/run-20260505-063515-0af3f4  (40s)
[162/300] ws_train_50 trial 12/50
    -> runs/run-20260505-063555-409fa4  (40s)
[163/300] ws_train_50 trial 13/50
    -> runs/run-20260505-063635-6f2eb4  (40s)
[164/300] ws_train_50 trial 14/50
    -> runs/run-20260505-063716-ee9101  (40s)
[165/300] ws_train_50 trial 15/50
    -> runs/run-20260505-063756-537638  (40s)
[166/300] ws_train_50 trial 16/50
    -> runs/run-20260505-063835-d3a59d  (40s)
[167/300] ws_train_50 trial 17/50
    -> runs/run-20260505-063915-4862a6  (40s)
[168/300] ws_train_50 trial 18/50
    -> runs/run-20260505-063955-617414  (39s)
[169/300] ws_train_50 trial 19/50
    -> runs/run-20260505-064035-a3ebeb  (40s)
[170/300] ws_train_50 trial 20/50
    -> runs/run-20260505-064115-e26fd9  (38s)
[171/300] ws_train_50 trial 21/50
    -> runs/run-20260505-064153-5c78d6  (40s)
[172/300] ws_train_50 trial 22/50
    -> runs/run-20260505-064234-6d8fe4  (40s)
[173/300] ws_train_50 trial 23/50
    -> runs/run-20260505-064313-498735  (40s)
[174/300] ws_train_50 trial 24/50
    -> runs/run-20260505-064353-5ddd2c  (39s)
[175/300] ws_train_50 trial 25/50
    -> runs/run-20260505-064432-885a18  (39s)
[176/300] ws_train_50 trial 26/50
    -> runs/run-20260505-064511-860743  (39s)
[177/300] ws_train_50 trial 27/50
    -> runs/run-20260505-064551-597abe  (41s)
[178/300] ws_train_50 trial 28/50
    -> runs/run-20260505-064632-3e36a8  (40s)
[179/300] ws_train_50 trial 29/50
    -> runs/run-20260505-064712-75d6d5  (40s)
[180/300] ws_train_50 trial 30/50
    -> runs/run-20260505-064752-c25bec  (41s)
[181/300] ws_train_50 trial 31/50
    -> runs/run-20260505-064832-a1281b  (39s)
[182/300] ws_train_50 trial 32/50
    -> runs/run-20260505-064911-65e146  (40s)
[183/300] ws_train_50 trial 33/50
    -> runs/run-20260505-064951-a65f34  (40s)
[184/300] ws_train_50 trial 34/50
    -> runs/run-20260505-065031-aefb2b  (40s)
[185/300] ws_train_50 trial 35/50
    -> runs/run-20260505-065111-5efbf0  (40s)
[186/300] ws_train_50 trial 36/50
    -> runs/run-20260505-065152-2a120f  (40s)
[187/300] ws_train_50 trial 37/50
    -> runs/run-20260505-065231-47bbc1  (39s)
[188/300] ws_train_50 trial 38/50
    -> runs/run-20260505-065311-627a77  (40s)
[189/300] ws_train_50 trial 39/50
    -> runs/run-20260505-065350-6bf621  (40s)
[190/300] ws_train_50 trial 40/50
    -> runs/run-20260505-065430-d5b57c  (40s)
[191/300] ws_train_50 trial 41/50
    -> runs/run-20260505-065510-72c591  (40s)
[192/300] ws_train_50 trial 42/50
    -> runs/run-20260505-065550-32ad3f  (39s)
[193/300] ws_train_50 trial 43/50
    -> runs/run-20260505-065630-f1ab05  (41s)
[194/300] ws_train_50 trial 44/50
    -> runs/run-20260505-065710-d02f42  (40s)
[195/300] ws_train_50 trial 45/50
    -> runs/run-20260505-065750-ad478c  (40s)
[196/300] ws_train_50 trial 46/50
    -> runs/run-20260505-065830-48bf05  (41s)
[197/300] ws_train_50 trial 47/50
    -> runs/run-20260505-065911-92f081  (40s)
[198/300] ws_train_50 trial 48/50
    -> runs/run-20260505-065951-c87ae2  (40s)
[199/300] ws_train_50 trial 49/50
    -> runs/run-20260505-070031-4eb45a  (41s)
[200/300] ws_train_50 trial 50/50
    -> runs/run-20260505-070112-a6e3be  (39s)
[201/300] mixed_100_50 trial 1/50
    -> runs/run-20260505-070151-e0f2f9  (111s)
[202/300] mixed_100_50 trial 2/50
    -> runs/run-20260505-070342-f97f12  (123s)
[203/300] mixed_100_50 trial 3/50
    -> runs/run-20260505-070545-ba4c58  (127s)
[204/300] mixed_100_50 trial 4/50
    -> runs/run-20260505-070753-6228aa  (93s)
[205/300] mixed_100_50 trial 5/50
    -> runs/run-20260505-070926-a2d54f  (113s)
[206/300] mixed_100_50 trial 6/50
    -> runs/run-20260505-071118-1fe5e3  (106s)
[207/300] mixed_100_50 trial 7/50
    -> runs/run-20260505-071304-bb3405  (100s)
[208/300] mixed_100_50 trial 8/50
    -> runs/run-20260505-071444-d5d906  (109s)
[209/300] mixed_100_50 trial 9/50
    -> runs/run-20260505-071633-1f37f3  (115s)
[210/300] mixed_100_50 trial 10/50
    -> runs/run-20260505-071829-c017df  (109s)
[211/300] mixed_100_50 trial 11/50
    -> runs/run-20260505-072018-a8a164  (108s)
[212/300] mixed_100_50 trial 12/50
    -> runs/run-20260505-072205-bd62f3  (119s)
[213/300] mixed_100_50 trial 13/50
    -> runs/run-20260505-072405-f32f2e  (111s)
[214/300] mixed_100_50 trial 14/50
    -> runs/run-20260505-072556-d9f0e4  (114s)
[215/300] mixed_100_50 trial 15/50
    -> runs/run-20260505-072749-62587e  (110s)
[216/300] mixed_100_50 trial 16/50
    -> runs/run-20260505-072939-1078a2  (111s)
[217/300] mixed_100_50 trial 17/50
    -> runs/run-20260505-073131-69ab6b  (105s)
[218/300] mixed_100_50 trial 18/50
    -> runs/run-20260505-073316-69d34e  (96s)
[219/300] mixed_100_50 trial 19/50
    -> runs/run-20260505-073451-94d067  (112s)
[220/300] mixed_100_50 trial 20/50
    -> runs/run-20260505-073643-9de81d  (102s)
[221/300] mixed_100_50 trial 21/50
    -> runs/run-20260505-073825-fad448  (103s)
[222/300] mixed_100_50 trial 22/50
    -> runs/run-20260505-074008-fecc41  (103s)
[223/300] mixed_100_50 trial 23/50
    -> runs/run-20260505-074151-46882a  (116s)
[224/300] mixed_100_50 trial 24/50
    -> runs/run-20260505-074347-38d93f  (106s)
[225/300] mixed_100_50 trial 25/50
    -> runs/run-20260505-074533-8134e9  (116s)
[226/300] mixed_100_50 trial 26/50
    -> runs/run-20260505-074730-dab67e  (112s)
[227/300] mixed_100_50 trial 27/50
    -> runs/run-20260505-074921-80633a  (110s)
[228/300] mixed_100_50 trial 28/50
    -> runs/run-20260505-075111-25a485  (105s)
[229/300] mixed_100_50 trial 29/50
    -> runs/run-20260505-075257-1d5322  (111s)
[230/300] mixed_100_50 trial 30/50
    -> runs/run-20260505-075448-06f996  (110s)
[231/300] mixed_100_50 trial 31/50
    -> runs/run-20260505-075637-efbea4  (122s)
[232/300] mixed_100_50 trial 32/50
    -> runs/run-20260505-075839-2f3602  (101s)
[233/300] mixed_100_50 trial 33/50
    -> runs/run-20260505-080021-0c934c  (103s)
[234/300] mixed_100_50 trial 34/50
    -> runs/run-20260505-080203-547eb1  (112s)
[235/300] mixed_100_50 trial 35/50
    -> runs/run-20260505-080355-e456a0  (100s)
[236/300] mixed_100_50 trial 36/50
    -> runs/run-20260505-080536-981aaf  (121s)
[237/300] mixed_100_50 trial 37/50
    -> runs/run-20260505-080736-7a8ada  (103s)
[238/300] mixed_100_50 trial 38/50
    -> runs/run-20260505-080919-cfbc3e  (107s)
[239/300] mixed_100_50 trial 39/50
    -> runs/run-20260505-081107-592724  (119s)
[240/300] mixed_100_50 trial 40/50
    -> runs/run-20260505-081305-61eb0f  (110s)
[241/300] mixed_100_50 trial 41/50
    -> runs/run-20260505-081455-f8820d  (116s)
[242/300] mixed_100_50 trial 42/50
    -> runs/run-20260505-081652-b10243  (110s)
[243/300] mixed_100_50 trial 43/50
    -> runs/run-20260505-081842-93052d  (120s)
[244/300] mixed_100_50 trial 44/50
    -> runs/run-20260505-082041-59465b  (106s)
[245/300] mixed_100_50 trial 45/50
    -> runs/run-20260505-082227-074aed  (101s)
[246/300] mixed_100_50 trial 46/50
    -> runs/run-20260505-082408-023609  (109s)
[247/300] mixed_100_50 trial 47/50
    -> runs/run-20260505-082557-0eb90b  (111s)
[248/300] mixed_100_50 trial 48/50
    -> runs/run-20260505-082748-134154  (95s)
[249/300] mixed_100_50 trial 49/50
    -> runs/run-20260505-082923-0e01c1  (109s)
[250/300] mixed_100_50 trial 50/50
    -> runs/run-20260505-083113-8c8b05  (113s)
[251/300] ws_mixed_100_50 trial 1/50
    -> runs/run-20260505-083305-22b490  (117s)
[252/300] ws_mixed_100_50 trial 2/50
    -> runs/run-20260505-083502-4ef1ae  (112s)
[253/300] ws_mixed_100_50 trial 3/50
    -> runs/run-20260505-083654-d45f68  (108s)
[254/300] ws_mixed_100_50 trial 4/50
    -> runs/run-20260505-083843-7c4213  (96s)
[255/300] ws_mixed_100_50 trial 5/50
    -> runs/run-20260505-084018-703e60  (100s)
[256/300] ws_mixed_100_50 trial 6/50
    -> runs/run-20260505-084159-f7684e  (111s)
[257/300] ws_mixed_100_50 trial 7/50
    -> runs/run-20260505-084350-bf5a82  (117s)
[258/300] ws_mixed_100_50 trial 8/50
    -> runs/run-20260505-084546-6540c7  (134s)
[259/300] ws_mixed_100_50 trial 9/50
    -> runs/run-20260505-084801-b3122c  (121s)
[260/300] ws_mixed_100_50 trial 10/50
    -> runs/run-20260505-085001-bca3b0  (124s)
[261/300] ws_mixed_100_50 trial 11/50
    -> runs/run-20260505-085205-c202e9  (126s)
[262/300] ws_mixed_100_50 trial 12/50
    -> runs/run-20260505-085411-db6676  (124s)
[263/300] ws_mixed_100_50 trial 13/50
    -> runs/run-20260505-085615-ab18eb  (102s)
[264/300] ws_mixed_100_50 trial 14/50
    -> runs/run-20260505-085758-ebf6cc  (115s)
[265/300] ws_mixed_100_50 trial 15/50
    -> runs/run-20260505-085952-0871d5  (112s)
[266/300] ws_mixed_100_50 trial 16/50
    -> runs/run-20260505-090144-247738  (114s)
[267/300] ws_mixed_100_50 trial 17/50
    -> runs/run-20260505-090338-03c04b  (101s)
[268/300] ws_mixed_100_50 trial 18/50
    -> runs/run-20260505-090520-12cd86  (98s)
[269/300] ws_mixed_100_50 trial 19/50
    -> runs/run-20260505-090657-e9e008  (120s)
[270/300] ws_mixed_100_50 trial 20/50
    -> runs/run-20260505-090857-cea1d4  (106s)
[271/300] ws_mixed_100_50 trial 21/50
    -> runs/run-20260505-091043-d90ac2  (110s)
[272/300] ws_mixed_100_50 trial 22/50
    -> runs/run-20260505-091233-133566  (105s)
[273/300] ws_mixed_100_50 trial 23/50
    -> runs/run-20260505-091418-531c41  (109s)
[274/300] ws_mixed_100_50 trial 24/50
    -> runs/run-20260505-091608-56d394  (111s)
[275/300] ws_mixed_100_50 trial 25/50
    -> runs/run-20260505-091758-2da935  (107s)
[276/300] ws_mixed_100_50 trial 26/50
    -> runs/run-20260505-091946-fae39a  (99s)
[277/300] ws_mixed_100_50 trial 27/50
    -> runs/run-20260505-092124-199c78  (120s)
[278/300] ws_mixed_100_50 trial 28/50
    -> runs/run-20260505-092324-c9584d  (98s)
[279/300] ws_mixed_100_50 trial 29/50
    -> runs/run-20260505-092502-e68df4  (115s)
[280/300] ws_mixed_100_50 trial 30/50
    -> runs/run-20260505-092657-6ff7c4  (111s)
[281/300] ws_mixed_100_50 trial 31/50
    -> runs/run-20260505-092848-f5b4f1  (117s)
[282/300] ws_mixed_100_50 trial 32/50
    -> runs/run-20260505-093046-f263b4  (118s)
[283/300] ws_mixed_100_50 trial 33/50
    -> runs/run-20260505-093244-037b84  (115s)
[284/300] ws_mixed_100_50 trial 34/50
    -> runs/run-20260505-093438-42884f  (116s)
[285/300] ws_mixed_100_50 trial 35/50
    -> runs/run-20260505-093634-dd5a41  (97s)
[286/300] ws_mixed_100_50 trial 36/50
    -> runs/run-20260505-093811-3fe9b6  (109s)
[287/300] ws_mixed_100_50 trial 37/50
    -> runs/run-20260505-094001-6601f1  (108s)
[288/300] ws_mixed_100_50 trial 38/50
    -> runs/run-20260505-094149-a33f0e  (106s)
[289/300] ws_mixed_100_50 trial 39/50
    -> runs/run-20260505-094334-ade70f  (108s)
[290/300] ws_mixed_100_50 trial 40/50
    -> runs/run-20260505-094523-6ad0db  (104s)
[291/300] ws_mixed_100_50 trial 41/50
    -> runs/run-20260505-094707-23c9aa  (101s)
[292/300] ws_mixed_100_50 trial 42/50
    -> runs/run-20260505-094847-897e10  (113s)
[293/300] ws_mixed_100_50 trial 43/50
    -> runs/run-20260505-095040-6df8e7  (113s)
[294/300] ws_mixed_100_50 trial 44/50
