==> Job 13294862 on node3008
GPU 0: NVIDIA L40S (UUID: GPU-4b2a6e71-8603-3c92-460d-086086f32ad3)
GPU 1: NVIDIA L40S (UUID: GPU-5b6609ee-573f-1b48-f0a1-3b3615459bf8)

==> Running 18 benchmark runs
    suite dir: results/suite-20260504-222301
    configs:   ptq_100 ws_ptq_100 train_50 ws_train_50 mixed_100_50 ws_mixed_100_50
    trials:    3 each

[1/18] ptq_100 trial 1/3
    -> runs/run-20260504-222302-27841c  (84s)
[2/18] ptq_100 trial 2/3
    -> runs/run-20260504-222425-07137c  (76s)
[3/18] ptq_100 trial 3/3
    -> runs/run-20260504-222541-a4784f  (66s)
[4/18] ws_ptq_100 trial 1/3
    -> runs/run-20260504-222648-7e21cc  (66s)
[5/18] ws_ptq_100 trial 2/3
    -> runs/run-20260504-222753-163dbd  (75s)
[6/18] ws_ptq_100 trial 3/3
    -> runs/run-20260504-222908-6fedb5  (72s)
[7/18] train_50 trial 1/3
    -> runs/run-20260504-223020-cda82c  (41s)
[8/18] train_50 trial 2/3
    -> runs/run-20260504-223101-513427  (37s)
[9/18] train_50 trial 3/3
    -> runs/run-20260504-223138-da2d61  (38s)
[10/18] ws_train_50 trial 1/3
    -> runs/run-20260504-223217-0afead  (38s)
[11/18] ws_train_50 trial 2/3
    -> runs/run-20260504-223255-fc4508  (38s)
[12/18] ws_train_50 trial 3/3
    -> runs/run-20260504-223333-d75e40  (38s)
[13/18] mixed_100_50 trial 1/3
    -> runs/run-20260504-223410-e2e759  (116s)
[14/18] mixed_100_50 trial 2/3
    -> runs/run-20260504-223606-6c6ffb  (105s)
[15/18] mixed_100_50 trial 3/3
    -> runs/run-20260504-223751-ffb0de  (105s)
[16/18] ws_mixed_100_50 trial 1/3
    -> runs/run-20260504-223937-6d035f  (114s)
[17/18] ws_mixed_100_50 trial 2/3
    -> runs/run-20260504-224130-f3b581  (126s)
[18/18] ws_mixed_100_50 trial 3/3
    -> runs/run-20260504-224336-5748df  (108s)

==> Suite complete in 22m 23s
==> Manifest: results/suite-20260504-222301/manifest.csv

Aggregate with:
  python -m scripts.aggregate_results results/suite-20260504-222301/manifest.csv

==> Aggregating: results/suite-20260504-222301
Wrote results/suite-20260504-222301/comparison.md
Wrote results/suite-20260504-222301/raw_metrics.csv
Wrote results/suite-20260504-222301/summary.csv

# Benchmark Suite Comparison

**Suite:** `suite-20260504-222301`  
**Trials per config:** 3  
**Cluster:** read from each run's NVML monitor output

Format: `mean ± std` across trials. Δ column is the percent change of
work stealing relative to baseline. Lower is better for latency, queue
wait, util std, and max imbalance. Avg request time should be invariant
(it is GPU compute, not affected by the scheduler).

## Experiment 1: PTQ inference (100 jobs)

| Metric | Baseline | Work Stealing | Δ |
|--------|----------|---------------|---|
| Avg job latency (ms) | 1464.8 ± 145.3 | 1766.9 ± 223.7 | ↑ 20.6% *worse* |
| p50 job latency (ms) | 1100.1 ± 221.8 | 1392.6 ± 301.1 | ↑ 26.6% *worse* |
| p95 job latency (ms) | 3373.1 ± 1204.4 | 3534.0 ± 523.1 | ↑ 4.8% *worse* |
| p99 job latency (ms) | 3839.2 ± 1481.1 | 4224.6 ± 313.2 | ↑ 10.0% *worse* |
| Avg queue wait (ms) | 542.5 ± 145.9 | 831.1 ± 220.6 | ↑ 53.2% *worse* |
| Avg request time (ms) | 46.12 ± 0.59 | 46.79 ± 0.19 | ↑ 1.5% |
| Cluster util mean (%) | 67.0 ± 7.6 | 71.4 ± 5.1 | ↑ 6.6% |
| Cluster util std | 2.98 ± 0.96 | 0.95 ± 0.54 | ↓ 68.1% **better** |
| Max util imbalance (%) | 6.0 ± 1.9 | 1.9 ± 1.1 | ↓ 68.1% **better** |
| Avg temperature (C) | 56.0 ± 4.2 | 58.7 ± 1.3 | ↑ 4.9% |
| Steal count | — | 17 ± 3 | — |

## Experiment 2: Training (50 jobs, 500 steps)

| Metric | Baseline | Work Stealing | Δ |
|--------|----------|---------------|---|
| Training avg duration (s) | 1.08 ± 0.01 | 1.08 ± 0.00 | ≈ same |
| Cluster util mean (%) | 71.7 ± 2.8 | 73.1 ± 1.0 | ↑ 1.9% |
| Cluster util std | 0.45 ± 0.14 | 0.63 ± 0.83 | ↑ 39.1% *worse* |
| Max util imbalance (%) | 0.9 ± 0.3 | 1.3 ± 1.7 | ↑ 39.1% *worse* |
| Avg temperature (C) | 55.8 ± 0.6 | 56.2 ± 0.2 | ≈ same |
| Steal count | — | 0 ± 0 | — |

## Experiment 3: Mixed (100 PTQ + 50 training)

| Metric | Baseline | Work Stealing | Δ |
|--------|----------|---------------|---|
| Avg job latency (ms) | 1711.8 ± 393.3 | 1759.6 ± 480.4 | ↑ 2.8% *worse* |
| p50 job latency (ms) | 1430.1 ± 358.5 | 1336.5 ± 399.7 | ↓ 6.5% **better** |
| p95 job latency (ms) | 3523.4 ± 876.9 | 3600.8 ± 1441.7 | ↑ 2.2% *worse* |
| p99 job latency (ms) | 3962.1 ± 1132.2 | 4596.6 ± 1388.5 | ↑ 16.0% *worse* |
| Avg queue wait (ms) | 781.0 ± 390.1 | 832.6 ± 476.1 | ↑ 6.6% *worse* |
| Avg request time (ms) | 46.45 ± 0.18 | 46.26 ± 0.25 | ≈ same |
| Training avg duration (s) | 1.08 ± 0.00 | 1.08 ± 0.00 | ≈ same |
| Cluster util mean (%) | 71.3 ± 4.1 | 67.2 ± 5.6 | ↓ 5.7% |
| Cluster util std | 1.78 ± 0.66 | 1.30 ± 0.65 | ↓ 27.0% **better** |
| Max util imbalance (%) | 3.6 ± 1.3 | 2.6 ± 1.3 | ↓ 27.0% **better** |
| Avg temperature (C) | 58.2 ± 0.8 | 57.1 ± 1.3 | ↓ 1.8% |
| Steal count | — | 27 ± 7 | — |

